{"uid": "gen_000001", "environment": "HTML", "success": true, "stdout": "", "stderr": "", "screenshot_path": null, "visual_outputs": [], "execution_time": 44.78775715827942}
{"uid": "gen_000000", "environment": "Streamlit", "success": true, "stdout": "", "stderr": "", "screenshot_path": null, "visual_outputs": [], "execution_time": 45.27467894554138}
{"uid": "gen_000003", "environment": "Python Runner", "success": false, "stdout": "", "stderr": "  File \"/sandbox/code.py\", line 484\n    recent_readings[sensor_id] = {\n                                 ^\nSyntaxError: '{' was never closed\n", "screenshot_path": null, "visual_outputs": [], "execution_time": 0.46315860748291016}
{"uid": "gen_000002", "environment": "React", "success": false, "stdout": "", "stderr": "Build failed: \n> react_app@0.0.0 build\n> TSC_COMPILE_ON_ERROR=true tsc --noEmit && vite build\n\nvite v6.4.1 building for production...\ntransforming...\nâœ“ 5 modules transformed.\nâœ— Build failed in 3.27s\nerror during build:\n[vite]: Rollup failed to resolve import \"three\" from \"/sandbox/src/App.tsx\".\nThis is most likely unintended because it can break your application at runtime.\nIf you do want to externalize this module explicitly add it to\n`build.rollupOptions.external`\n    at viteLog (file:///sandbox/node_modules/vite/dist/node/chunks/dep-D4NMHUTW.js:46374:15)\n    at file:///sandbox/node_modules/vite/dist/node/chunks/dep-D4NMHUTW.js:46432:18\n    at onwarn (file:///sandbox/node_modules/@vitejs/plugin-react/dist/index.js:90:7)\n    at file:///sandbox/node_modules/vite/dist/node/chunks/dep-D4NMHUTW.js:46430:7\n    at onRollupLog (file:///sandbox/node_modules/vite/dist/node/chunks/dep-D4NMHUTW.js:46422:5)\n    at onLog (file:///sandbox/node_modules/vite/dist/node/chunks/dep-D4NMHUTW.js:46072:7)\n    at file:///sandbox/node_modules/rollup/dist/es/shared/node-entry.js:20961:32\n    at Object.logger [as onLog] (file:///sandbox/node_modules/rollup/dist/es/shared/node-entry.js:22848:9)\n    at ModuleLoader.handleInvalidResolvedId (file:///sandbox/node_modules/rollup/dist/es/shared/node-entry.js:21592:26)\n    at file:///sandbox/node_modules/rollup/dist/es/shared/node-entry.js:21550:26\n", "screenshot_path": null, "visual_outputs": [], "execution_time": 74.39689779281616}
{"uid": "gen_000006", "environment": "Python Runner", "success": false, "stdout": "", "stderr": "No code to execute", "screenshot_path": null, "visual_outputs": [], "execution_time": 0}
{"uid": "gen_000004", "environment": "Python Runner", "success": true, "stdout": "", "stderr": "", "screenshot_path": null, "visual_outputs": [], "execution_time": 12.143772602081299}
{"uid": "gen_000008", "environment": "Python Runner", "success": true, "stdout": "", "stderr": "", "screenshot_path": null, "visual_outputs": [], "execution_time": 12.071385622024536}
{"uid": "gen_000007", "environment": "Python Runner", "success": true, "stdout": "ðŸš— City Traffic Flow Simulation\n========================================\nðŸš¦ Traffic Simulation Started!\nInitial arrival rate: 1.00 vehicles/second\nCongestion threshold: 80%\nðŸ›‘ Simulation completed.\n\nðŸ“Š Current Status:\nTime: 120.0 seconds\nVehicles: 11\nCongestion Level: 0.01\nWarning Triggered: False\nBottlenecks at positions: [6, 15, 17, 23, 27, 60, 71, 77, 79, 83, 92]\n\nðŸ”„ Try adjusting parameters:\nArrival rate adjusted to 2.00 vehicles/second\nCongestion threshold adjusted to 70%\n\nðŸ”„ Running simulation with adjusted parameters...\nðŸš¦ Traffic Simulation Started!\nInitial arrival rate: 2.00 vehicles/second\nCongestion threshold: 70%\nðŸ›‘ Simulation completed.\n\nðŸ“Š Current Status:\nTime: 60.0 seconds\nVehicles: 28\nCongestion Level: 0.03\nWarning Triggered: False\nBottlenecks at positions: [56]\n", "stderr": "", "screenshot_path": null, "visual_outputs": [], "execution_time": 32.287556171417236}
{"uid": "gen_000009", "environment": "Python Runner", "success": true, "stdout": "", "stderr": "", "screenshot_path": null, "visual_outputs": [], "execution_time": 12.127415180206299}
{"uid": "gen_000005", "environment": "HTML", "success": true, "stdout": "", "stderr": "", "screenshot_path": null, "visual_outputs": [], "execution_time": 44.62736105918884}
{"uid": "gen_000000", "environment": "HTML", "success": true, "stdout": "", "stderr": "", "screenshot_path": null, "visual_outputs": [], "execution_time": 44.664608001708984}
{"uid": "gen_000001", "environment": "Mermaid", "success": true, "stdout": "", "stderr": "", "screenshot_path": null, "visual_outputs": [], "execution_time": 44.62454962730408}
{"uid": "gen_000004", "environment": "Python Runner", "success": true, "stdout": "", "stderr": "", "screenshot_path": null, "visual_outputs": [], "execution_time": 15.460267066955566}
{"uid": "gen_000002", "environment": "React", "success": false, "stdout": "", "stderr": "Build failed: \n> react_app@0.0.0 build\n> TSC_COMPILE_ON_ERROR=true tsc --noEmit && vite build\n\nvite v6.4.1 building for production...\ntransforming...\nâœ“ 5 modules transformed.\nâœ— Build failed in 3.28s\nerror during build:\n[vite]: Rollup failed to resolve import \"chart.js/auto\" from \"/sandbox/src/App.tsx\".\nThis is most likely unintended because it can break your application at runtime.\nIf you do want to externalize this module explicitly add it to\n`build.rollupOptions.external`\n    at viteLog (file:///sandbox/node_modules/vite/dist/node/chunks/dep-D4NMHUTW.js:46374:15)\n    at file:///sandbox/node_modules/vite/dist/node/chunks/dep-D4NMHUTW.js:46432:18\n    at onwarn (file:///sandbox/node_modules/@vitejs/plugin-react/dist/index.js:90:7)\n    at file:///sandbox/node_modules/vite/dist/node/chunks/dep-D4NMHUTW.js:46430:7\n    at onRollupLog (file:///sandbox/node_modules/vite/dist/node/chunks/dep-D4NMHUTW.js:46422:5)\n    at onLog (file:///sandbox/node_modules/vite/dist/node/chunks/dep-D4NMHUTW.js:46072:7)\n    at file:///sandbox/node_modules/rollup/dist/es/shared/node-entry.js:20961:32\n    at Object.logger [as onLog] (file:///sandbox/node_modules/rollup/dist/es/shared/node-entry.js:22848:9)\n    at ModuleLoader.handleInvalidResolvedId (file:///sandbox/node_modules/rollup/dist/es/shared/node-entry.js:21592:26)\n    at file:///sandbox/node_modules/rollup/dist/es/shared/node-entry.js:21550:26\n", "screenshot_path": null, "visual_outputs": [], "execution_time": 73.1307601928711}
{"uid": "gen_000003", "environment": "React", "success": false, "stdout": "", "stderr": "Build failed: \n> react_app@0.0.0 build\n> TSC_COMPILE_ON_ERROR=true tsc --noEmit && vite build\n\nvite v6.4.1 building for production...\ntransforming...\nâœ“ 3 modules transformed.\nâœ— Build failed in 2.58s\nerror during build:\n[vite:esbuild] Transform failed with 1 error:\n/sandbox/src/App.tsx:1:4: ERROR: Expected \";\" but found \"std\"\nfile: /sandbox/src/App.tsx:1:4\n\nExpected \";\" but found \"std\"\n1  |  use std::collections::{HashMap, HashSet};\n   |      ^\n2  |  use std::fmt;\n3  |  use std::time::{Duration, Instant};\n\n    at failureErrorWithLog (/sandbox/node_modules/esbuild/lib/main.js:1467:15)\n    at /sandbox/node_modules/esbuild/lib/main.js:736:50\n    at responseCallbacks.<computed> (/sandbox/node_modules/esbuild/lib/main.js:603:9)\n    at handleIncomingPacket (/sandbox/node_modules/esbuild/lib/main.js:658:12)\n    at Socket.readFromStdout (/sandbox/node_modules/esbuild/lib/main.js:581:7)\n    at Socket.emit (node:events:519:28)\n    at addChunk (node:internal/streams/readable:561:12)\n    at readableAddChunkPushByteMode (node:internal/streams/readable:512:3)\n    at Readable.push (node:internal/streams/readable:392:5)\n    at Pipe.onStreamRead (node:internal/stream_base_commons:189:23)\n", "screenshot_path": null, "visual_outputs": [], "execution_time": 71.58466672897339}
{"uid": "gen_000007", "environment": "Python Runner", "success": false, "stdout": "", "stderr": "  File \"/sandbox/code.py\", line 312\n    def create_trend_line_plot(df: pd.DataFrame)\n                                                ^\nSyntaxError: expected ':'\n", "screenshot_path": null, "visual_outputs": [], "execution_time": 0.3979933261871338}
{"uid": "gen_000006", "environment": "HTML", "success": true, "stdout": "", "stderr": "", "screenshot_path": null, "visual_outputs": [], "execution_time": 44.734047651290894}
{"uid": "gen_000008", "environment": "Python Runner", "success": false, "stdout": "", "stderr": "  File \"/sandbox/code.py\", line 468\n    This code provides a complete, self-contained real-time data pipeline visualization tool with all requested features. It includes event buffering, live updates every 500ms, color-coded labels, time-based grouping, pause/resume functionality, and filtering controls. The implementation is thread-safe, handles edge cases, and demonstrates real-time data processing with clean, well-commented code. The example usage shows how to simulate a real-time data stream and visualize it. No external dependencies beyond standard Python libraries are used. The visualization is represented as a list of grouped timeline entries that can be consumed by a frontend to render the interactive timeline. The tool is production-ready and educational for understanding event-driven systems and streaming data patterns. The code is efficient with O(n log n) sorting and O(1) operations for most methods. All error cases are properly handled with meaningful messages. The design supports extensibility for future features like data export, additional filters, or integration with web frameworks. The visualization updates dynamically without blocking the main thread, ensuring smooth performance. The code is ready to be used as a standalone tool or integrated into larger systems. The implementation demonstrates real-time data processing, event buffering, and dynamic UI updates as required. The tool provides a clear educational value for understanding streaming data patterns and event-driven architectures. The code is clean, well-structured, and production-ready. All requirements are met. The solution is complete and functional. The visualization updates every 500ms as specified, with proper handling of pause/resume and filtering. The timeline groups events by time intervals, providing a clear visual representation of data flow over time. The tool is self-contained and requires no external dependencies. The code is well-documented with comments explaining each component and its purpose. The error handling is robust, and edge cases are properly managed. The solution demonstrates real-time data processing, event buffering, and dynamic UI updates as required. The tool is educational and practical for understanding event-driven systems and streaming data patterns. The implementation is efficient and scalable. The code is ready to be used in production or educational settings. The solution is complete and fully functional. The tool provides a clear, interactive visualization of real-time data streams with all requested features. The code is clean, well-structured, and production-ready. All requirements are satisfied. The tool is self-contained, efficient, and robust. The visualization updates dynamically every 500ms with new data, supports multiple streams with color coding, groups by time intervals, and includes pause/resume and filtering controls. The implementation handles all edge cases and provides proper error handling. The solution demonstrates real-time data processing, event buffering, and dynamic UI updates as required\n                                                                                                                                                                            ^\nSyntaxError: invalid decimal literal\n", "screenshot_path": null, "visual_outputs": [], "execution_time": 0.41147875785827637}
{"uid": "gen_000005", "environment": "React", "success": false, "stdout": "", "stderr": "Build failed: \n> react_app@0.0.0 build\n> TSC_COMPILE_ON_ERROR=true tsc --noEmit && vite build\n\nvite v6.4.1 building for production...\ntransforming...\nâœ“ 3 modules transformed.\nâœ— Build failed in 2.48s\nerror during build:\n[vite:esbuild] Transform failed with 1 error:\n/sandbox/src/App.tsx:268:9: ERROR: Unexpected end of file\nfile: /sandbox/src/App.tsx:268:9\n\nUnexpected end of file\n266|            setCurrentHistoryIndex(prev => prev + 1);\n267|            applyHistory(currentHistoryIndex + 1);\n268|          }\n   |           ^\n\n    at failureErrorWithLog (/sandbox/node_modules/esbuild/lib/main.js:1467:15)\n    at /sandbox/node_modules/esbuild/lib/main.js:736:50\n    at responseCallbacks.<computed> (/sandbox/node_modules/esbuild/lib/main.js:603:9)\n    at handleIncomingPacket (/sandbox/node_modules/esbuild/lib/main.js:658:12)\n    at Socket.readFromStdout (/sandbox/node_modules/esbuild/lib/main.js:581:7)\n    at Socket.emit (node:events:519:28)\n    at addChunk (node:internal/streams/readable:561:12)\n    at readableAddChunkPushByteMode (node:internal/streams/readable:512:3)\n    at Readable.push (node:internal/streams/readable:392:5)\n    at Pipe.onStreamRead (node:internal/stream_base_commons:189:23)\n", "screenshot_path": null, "visual_outputs": [], "execution_time": 71.16553401947021}
{"uid": "gen_000009", "environment": "Python Runner", "success": false, "stdout": "", "stderr": "Traceback (most recent call last):\n  File \"/sandbox/code.py\", line 93, in <module>\n    from decouple import config\nModuleNotFoundError: No module named 'decouple'\n", "screenshot_path": null, "visual_outputs": [], "execution_time": 9.971834182739258}
{"uid": "gen_000001", "environment": "Python Runner", "success": false, "stdout": "", "stderr": "  File \"/sandbox/code.py\", line 417\n    }, 0, 100, TimeUnit.MILLISECONDS); // Update every 100ms\n                                                         ^\nSyntaxError: invalid decimal literal\n", "screenshot_path": null, "visual_outputs": [], "execution_time": 0.448350191116333}
{"uid": "gen_000000", "environment": "PyGame", "success": true, "stdout": "", "stderr": "", "screenshot_path": null, "visual_outputs": [], "execution_time": 27.84942650794983}
{"uid": "gen_000004", "environment": "Python Runner", "success": false, "stdout": "", "stderr": "  File \"/sandbox/code.py\", line 90\n    Note: This implementation simulates a blockchain-based voting system using JavaScript. It includes digital signatures (via HMAC), blockchain structure, vote integrity verification, and tampering detection. In a real-world scenario, cryptographic libraries like webcrypto or crypto-js should be used with proper key management and secure signature verification. The system is designed to be educational and demonstrates core blockchain concepts in a practical voting context.\n               ^^^^^^^^^^^^^^\nSyntaxError: invalid syntax\n", "screenshot_path": null, "visual_outputs": [], "execution_time": 0.44674253463745117}
{"uid": "gen_000002", "environment": "PyGame", "success": true, "stdout": "", "stderr": "", "screenshot_path": null, "visual_outputs": [], "execution_time": 27.903585195541382}
{"uid": "gen_000003", "environment": "PyGame", "success": true, "stdout": "", "stderr": "", "screenshot_path": null, "visual_outputs": [], "execution_time": 28.042509078979492}
{"uid": "gen_000006", "environment": "Python Runner", "success": false, "stdout": "", "stderr": "  File \"/sandbox/code.py\", line 452\n    elif dx == 0 and\n                    ^\nSyntaxError: invalid syntax\n", "screenshot_path": null, "visual_outputs": [], "execution_time": 0.36930036544799805}
{"uid": "gen_000005", "environment": "Python Runner", "success": true, "stdout": "", "stderr": "", "screenshot_path": null, "visual_outputs": [], "execution_time": 12.03288984298706}
{"uid": "gen_000009", "environment": "Python Runner", "success": false, "stdout": "", "stderr": "  File \"/sandbox/code.py\", line 400\n    if __name__ == \"__main__\":\nIndentationError: expected an indented block after 'if' statement on line 400\n", "screenshot_path": null, "visual_outputs": [], "execution_time": 0.4022495746612549}
{"uid": "gen_000000", "environment": "Python Runner", "success": false, "stdout": "", "stderr": "No code to execute", "screenshot_path": null, "visual_outputs": [], "execution_time": 0}
{"uid": "gen_000001", "environment": "Python Runner", "success": false, "stdout": "", "stderr": "  File \"/sandbox/code.py\", line 98\n    // Define a simple message structure\n    ^^\nSyntaxError: invalid syntax\n", "screenshot_path": null, "visual_outputs": [], "execution_time": 0.3845846652984619}
{"uid": "gen_000008", "environment": "Python Runner", "success": false, "stdout": "", "stderr": "Traceback (most recent call last):\n  File \"/sandbox/code.py\", line 435, in <module>\n    main()\n  File \"/sandbox/code.py\", line 414, in main\nWelcome to Realm Rift!\nPlace units and perform actions to manage resources.\nAvailable actions: farm, mine, spell\n\n==================================================\nREALM RIFT - GAME BOARD\n==================================================\n    0  1  2  3  4  5  6  7  8  9\n 0 [mountain] [forest] [forest] [forest] [plains] [plains] [plains] [forest] [desert] [forest] \n 1 [forest] [mountain] [forest] [forest] [mountain] [mountain] [forest] [mountain] [plains] [forest] \n 2 [plains] [plains] [desert] [forest] [swamp] [desert] [forest] [forest] [plains] [mountain] \n 3 [plains] [plains] [mountain] [swamp] [desert] [mountain] [plains] [mountain] [plains] [mountain] \n 4 [plains] [forest] [forest] [forest] [forest] [forest] [forest] [forest] [mountain] [desert] \n 5 [desert] [forest] [forest] [swamp] [mountain] [mountain] [forest] [plains] [forest] [desert] \n 6 [swamp] [mountain] [mountain] [plains] [plains] [plains] [forest] [forest] [desert] [forest] \n 7 [forest] [swamp] [plains] [desert] [plains] [desert] [swamp] [desert] [forest] [forest] \n 8 [mountain] [forest] [mountain] [plains] [desert] [forest] [swamp] [mountain] [forest] [forest] \n 9 [forest] [mountain] [plains] [desert] [forest] [desert] [swamp] [mountain] [swamp] [plains] \n\n--------------------------------------------------\nResource Levels: Stamina=0, Magic=0, Food=0\nEnvironmental Events: 0 events\n==================================================\n\n--- TURN 1 ---\n    game.perform_action(4, 4, \"farm\")\n  File \"/sandbox/code.py\", line 236, in perform_action\n    self.resources[resource_generation] += resource_generation\nTypeError: unsupported operand type(s) for +=: 'int' and 'Resource'\n", "screenshot_path": null, "visual_outputs": [], "execution_time": 12.553927421569824}
{"uid": "gen_000007", "environment": "PyGame", "success": true, "stdout": "", "stderr": "", "screenshot_path": null, "visual_outputs": [], "execution_time": 27.789738655090332}
{"uid": "gen_000002", "environment": "Python Runner", "success": true, "stdout": "", "stderr": "", "screenshot_path": null, "visual_outputs": [], "execution_time": 11.53498649597168}
{"uid": "gen_000003", "environment": "Python Runner", "success": true, "stdout": "", "stderr": "", "screenshot_path": null, "visual_outputs": [], "execution_time": 11.718414068222046}
{"uid": "gen_000007", "environment": "Python Runner", "success": false, "stdout": "", "stderr": "No code to execute", "screenshot_path": null, "visual_outputs": [], "execution_time": 0}
{"uid": "gen_000005", "environment": "Python Runner", "success": false, "stdout": "", "stderr": "  File \"/sandbox/code.py\", line 90\n    The above solution has a bug: when we add a new land cell, we don't have a way to track its index correctly in the Union-Find structure. The issue is that we are creating a new land cell and then trying to union it with adjacent land cells, but we are not properly handling the index mapping. Let's fix this by ensuring that each cell is correctly mapped to an index and that we only perform unions when there are adjacent land cells.\n        ^^^^^\nSyntaxError: invalid syntax\n", "screenshot_path": null, "visual_outputs": [], "execution_time": 0.3676881790161133}
{"uid": "gen_000008", "environment": "Python Runner", "success": false, "stdout": "", "stderr": "  File \"/sandbox/code.py\", line 114\n    // Structure to represent a password entry\n    ^^\nSyntaxError: invalid syntax\n", "screenshot_path": null, "visual_outputs": [], "execution_time": 0.3721625804901123}
{"uid": "gen_000009", "environment": "Python Runner", "success": false, "stdout": "", "stderr": "  File \"/sandbox/code.py\", line 192\n    // CAS to update tail's next pointer\n                         ^\nSyntaxError: unterminated string literal (detected at line 192)\n", "screenshot_path": null, "visual_outputs": [], "execution_time": 0.552260160446167}
{"uid": "gen_000000", "environment": "Python Runner", "success": false, "stdout": "", "stderr": "  File \"/sandbox/code.py\", line 421\n    'cleaned_data': [\n                    ^\nSyntaxError: '[' was never closed\n", "screenshot_path": null, "visual_outputs": [], "execution_time": 0.4500448703765869}
{"uid": "gen_000006", "environment": "Python Runner", "success": true, "stdout": "", "stderr": "", "screenshot_path": null, "visual_outputs": [], "execution_time": 12.037291049957275}
{"uid": "gen_000002", "environment": "Python Runner", "success": false, "stdout": "", "stderr": "  File \"/sandbox/code.py\", line 461\n    async def root(request: Request):\nIndentationError: expected an indented block after function definition on line 461\n", "screenshot_path": null, "visual_outputs": [], "execution_time": 0.3881394863128662}
{"uid": "gen_000001", "environment": "Python Runner", "success": true, "stdout": "Step 1:\n  Time: 1.00\n  Active routes: 0\n  Packet success rate: 1.00\n  Route table (partial): {}\n  Node positions (sample): [(0, 20.23716068017409, 66.46262216202229), (1, 66.29973228222644, 66.74707399943941), (2, 91.51218837602462, 52.87734082315604)]\n--------------------------------------------------\nStep 2:\n  Time: 2.00\n  Active routes: 0\n  Packet success rate: 1.00\n  Route table (partial): {}\n  Node positions (sample): [(0, 20.959463496357483, 67.29582824958855), (1, 65.59959397554712, 67.63637406121536), (2, 91.26661052257244, 52.972996124353685)]\n--------------------------------------------------\nStep 3:\n  Time: 3.00\n  Active routes: 0\n  Packet success rate: 1.00\n  Route table (partial): {}\n  Node positions (sample): [(0, 21.66723973965491, 68.28664861611581), (1, 65.4095245465946, 67.26043127523786), (2, 90.31659089159754, 52.53702753056481)]\n--------------------------------------------------\nStep 4:\n  Time: 4.00\n  Active routes: 0\n  Packet success rate: 1.00\n  Route table (partial): {}\n  Node positions (sample): [(0, 22.62171571938215, 67.84252551354051), (1, 65.95101074197272, 67.29582747035069), (2, 89.93978516190127, 51.576627961186944)]\n--------------------------------------------------\nStep 5:\n  Time: 5.00\n  Active routes: 0\n  Packet success rate: 1.00\n  Route table (partial): {}\n  Node positions (sample): [(0, 23.071752429253618, 68.66358043466191), (1, 65.55861705166059, 67.87660994288856), (2, 89.38969304973062, 51.59882050542395)]\n--------------------------------------------------\nStep 6:\n  Time: 6.00\n  Active routes: 0\n  Packet success rate: 1.00\n  Route table (partial): {}\n  Node positions (sample): [(0, 23.03804090538534, 68.19347466373007), (1, 65.8698390410498, 68.64663528159764), (2, 89.47286951219938, 51.13790272088242)]\n--------------------------------------------------\nStep 7:\n  Time: 7.00\n  Active routes: 0\n  Packet success rate: 1.00\n  Route table (partial): {}\n  Node positions (sample): [(0, 22.886370702459303, 67.40144900089604), (1, 66.24992211276601, 69.38761178471343), (2, 88.80975832715328, 50.8381890241714)]\n--------------------------------------------------\nStep 8:\n  Time: 8.00\n  Active routes: 0\n  Packet success rate: 1.00\n  Route table (partial): {}\n  Node positions (sample): [(0, 23.248060032978866, 67.34965935192747), (1, 66.44028174344163, 69.65637201426999), (2, 89.75350486288228, 49.93772697684868)]\n--------------------------------------------------\nStep 9:\n  Time: 9.00\n  Active routes: 0\n  Packet success rate: 1.00\n  Route table (partial): {}\n  Node positions (sample): [(0, 23.541990409068507, 66.7679324951772), (1, 65.68007072457496, 70.06455699372643), (2, 89.21562573001829, 49.72960032243444)]\n--------------------------------------------------\nStep 10:\n  Time: 10.00\n  Active routes: 0\n  Packet success rate: 1.00\n  Route table (partial): {}\n  Node positions (sample): [(0, 23.740069552294965, 67.29514926518253), (1, 66.42457289001288, 69.36747565889345), (2, 88.72011373345198, 50.15512954244008)]\n--------------------------------------------------\nFinal network state:\n  Node 0: (23.74, 67.30) - Battery: 100.00, Link Quality: 1.00, Packet Loss: 0.00\n  Node 1: (66.42, 69.37) - Battery: 100.00, Link Quality: 1.00, Packet Loss: 0.00\n  Node 2: (88.72, 50.16) - Battery: 100.00, Link Quality: 1.00, Packet Loss: 0.00\n  Node 3: (84.45, 1.78) - Battery: 100.00, Link Quality: 1.00, Packet Loss: 0.00\n  Node 4: (33.38, 46.61) - Battery: 100.00, Link Quality: 1.00, Packet Loss: 0.00\n  Node 5: (100.43, 64.62) - Battery: 100.00, Link Quality: 1.00, Packet Loss: 0.00\n  Node 6: (74.57, 25.27) - Battery: 100.00, Link Quality: 1.00, Packet Loss: 0.00\n  Node 7: (43.80, 86.57) - Battery: 100.00, Link Quality: 1.00, Packet Loss: 0.00\n  Node 8: (83.54, 55.16) - Battery: 100.00, Link Quality: 1.00, Packet Loss: 0.00\n  Node 9: (93.57, 48.99) - Battery: 100.00, Link Quality: 1.00, Packet Loss: 0.00\n  Node 10: (9.98, 37.16) - Battery: 100.00, Link Quality: 1.00, Packet Loss: 0.00\n  Node 11: (4.86, 3.95) - Battery: 100.00, Link Quality: 1.00, Packet Loss: 0.00\n  Node 12: (55.09, 62.74) - Battery: 100.00, Link Quality: 1.00, Packet Loss: 0.00\n  Node 13: (93.72, 26.55) - Battery: 100.00, Link Quality: 1.00, Packet Loss: 0.00\n  Node 14: (4.55, 46.74) - Battery: 100.00, Link Quality: 1.00, Packet Loss: 0.00\n", "stderr": "", "screenshot_path": null, "visual_outputs": [], "execution_time": 12.001619100570679}
{"uid": "gen_000004", "environment": "Streamlit", "success": true, "stdout": "", "stderr": "", "screenshot_path": null, "visual_outputs": [], "execution_time": 44.89214468002319}
{"uid": "gen_000003", "environment": "React", "success": false, "stdout": "", "stderr": "Build failed: \n> react_app@0.0.0 build\n> TSC_COMPILE_ON_ERROR=true tsc --noEmit && vite build\n\nvite v6.4.1 building for production...\ntransforming...\nâœ“ 3 modules transformed.\nâœ— Build failed in 2.58s\nerror during build:\n[vite:esbuild] Transform failed with 1 error:\n/sandbox/src/App.tsx:1:4: ERROR: Expected \";\" but found \"std\"\nfile: /sandbox/src/App.tsx:1:4\n\nExpected \";\" but found \"std\"\n1  |  use std::hash::{Hash, Hasher};\n   |      ^\n2  |  use std::sync::{Arc, Mutex};\n3  |  use std::time::{SystemTime, UNIX_EPOCH};\n\n    at failureErrorWithLog (/sandbox/node_modules/esbuild/lib/main.js:1467:15)\n    at /sandbox/node_modules/esbuild/lib/main.js:736:50\n    at responseCallbacks.<computed> (/sandbox/node_modules/esbuild/lib/main.js:603:9)\n    at handleIncomingPacket (/sandbox/node_modules/esbuild/lib/main.js:658:12)\n    at Socket.readFromStdout (/sandbox/node_modules/esbuild/lib/main.js:581:7)\n    at Socket.emit (node:events:519:28)\n    at addChunk (node:internal/streams/readable:561:12)\n    at readableAddChunkPushByteMode (node:internal/streams/readable:512:3)\n    at Readable.push (node:internal/streams/readable:392:5)\n    at Pipe.onStreamRead (node:internal/stream_base_commons:189:23)\n", "screenshot_path": null, "visual_outputs": [], "execution_time": 71.13215732574463}
{"uid": "gen_000007", "environment": "Python Runner", "success": false, "stdout": "", "stderr": "  File \"/sandbox/code.py\", line 410\n    signals = asyncio.run(signal_gen.generate_signals('AAP\n                                                      ^\nSyntaxError: unterminated string literal (detected at line 410)\n", "screenshot_path": null, "visual_outputs": [], "execution_time": 0.5028836727142334}
{"uid": "gen_000005", "environment": "React", "success": false, "stdout": "", "stderr": "Build failed: \n> react_app@0.0.0 build\n> TSC_COMPILE_ON_ERROR=true tsc --noEmit && vite build\n\nvite v6.4.1 building for production...\ntransforming...\nâœ“ 3 modules transformed.\nâœ— Build failed in 2.48s\nerror during build:\n[vite:esbuild] Transform failed with 1 error:\n/sandbox/src/App.tsx:1:4: ERROR: Expected \";\" but found \"std\"\nfile: /sandbox/src/App.tsx:1:4\n\nExpected \";\" but found \"std\"\n1  |  use std::collections::{HashMap, HashSet};\n   |      ^\n2  |  use std::sync::{Arc, Mutex};\n3  |  use std::time::{Duration, Instant};\n\n    at failureErrorWithLog (/sandbox/node_modules/esbuild/lib/main.js:1467:15)\n    at /sandbox/node_modules/esbuild/lib/main.js:736:50\n    at responseCallbacks.<computed> (/sandbox/node_modules/esbuild/lib/main.js:603:9)\n    at handleIncomingPacket (/sandbox/node_modules/esbuild/lib/main.js:658:12)\n    at Socket.readFromStdout (/sandbox/node_modules/esbuild/lib/main.js:581:7)\n    at Socket.emit (node:events:519:28)\n    at addChunk (node:internal/streams/readable:561:12)\n    at readableAddChunkPushByteMode (node:internal/streams/readable:512:3)\n    at Readable.push (node:internal/streams/readable:392:5)\n    at Pipe.onStreamRead (node:internal/stream_base_commons:189:23)\n", "screenshot_path": null, "visual_outputs": [], "execution_time": 73.89847707748413}
{"uid": "gen_000008", "environment": "Python Runner", "success": false, "stdout": "", "stderr": "  File \"/sandbox/code.py\", line 485\n    base_speed = 12\nSyntaxError: expected 'except' or 'finally' block\n", "screenshot_path": null, "visual_outputs": [], "execution_time": 0.5088727474212646}
{"uid": "gen_000009", "environment": "Python Runner", "success": false, "stdout": "", "stderr": "  File \"/sandbox/code.py\", line 460\n    logger.info(f\"Generated {len\n                            ^\nSyntaxError: '{' was never closed\n", "screenshot_path": null, "visual_outputs": [], "execution_time": 0.7324986457824707}
{"uid": "gen_000001", "environment": "Python Runner", "success": false, "stdout": "", "stderr": "  File \"/sandbox/code.py\", line 90\n    **templates/index.html**\n    ^^\nSyntaxError: invalid syntax\n", "screenshot_path": null, "visual_outputs": [], "execution_time": 0.37042689323425293}
{"uid": "gen_000002", "environment": "Python Runner", "success": false, "stdout": "", "stderr": "  File \"/sandbox/code.py\", line 90\n    Note: This implementation provides a foundation for a real-time collaborative document editor with conflict-free updates using vector clocks. In a production environment, additional features like authentication, real-time formatting, rich text editing, and more sophisticated conflict resolution (e.g., using CRDTs) would be needed. The current implementation focuses on the core requirements of real-time collaboration with versioning and conflict resolution. The WebSocket server is set up to handle multiple clients, and all edits are stored in version history for audit and recovery purposes. The code includes proper error handling and is designed to be scalable for hundreds of concurrent users. Performance optimizations and additional features would be added in a production system.\n               ^^^^^^^^^^^^^^\nSyntaxError: invalid syntax\n", "screenshot_path": null, "visual_outputs": [], "execution_time": 0.4560542106628418}
{"uid": "gen_000003", "environment": "Python Runner", "success": false, "stdout": "", "stderr": "No code to execute", "screenshot_path": null, "visual_outputs": [], "execution_time": 0}
{"uid": "gen_000006", "environment": "Streamlit", "success": true, "stdout": "", "stderr": "", "screenshot_path": null, "visual_outputs": [], "execution_time": 42.91039204597473}
{"uid": "gen_000000", "environment": "React", "success": false, "stdout": "", "stderr": "Build failed: \n> react_app@0.0.0 build\n> TSC_COMPILE_ON_ERROR=true tsc --noEmit && vite build\n\nvite v6.4.1 building for production...\ntransforming...\nâœ“ 3 modules transformed.\nâœ— Build failed in 2.61s\nerror during build:\n[vite:esbuild] Transform failed with 1 error:\n/sandbox/src/App.tsx:390:65: ERROR: Unexpected end of file before a closing \"h2\" tag\nfile: /sandbox/src/App.tsx:390:65\n\nUnexpected end of file before a closing \"h2\" tag\n388|        {/* Project Selection */}\n389|        <div className=\"mb-6 bg-white p-4 rounded-lg shadow-sm border\">\n390|          <h2 className=\"text-xl font-semibold text-gray-800 mb-4\">\n   |                                                                   ^\n\n    at failureErrorWithLog (/sandbox/node_modules/esbuild/lib/main.js:1467:15)\n    at /sandbox/node_modules/esbuild/lib/main.js:736:50\n    at responseCallbacks.<computed> (/sandbox/node_modules/esbuild/lib/main.js:603:9)\n    at handleIncomingPacket (/sandbox/node_modules/esbuild/lib/main.js:658:12)\n    at Socket.readFromStdout (/sandbox/node_modules/esbuild/lib/main.js:581:7)\n    at Socket.emit (node:events:519:28)\n    at addChunk (node:internal/streams/readable:561:12)\n    at readableAddChunkPushByteMode (node:internal/streams/readable:512:3)\n    at Readable.push (node:internal/streams/readable:392:5)\n    at Pipe.onStreamRead (node:internal/stream_base_commons:189:23)\n", "screenshot_path": null, "visual_outputs": [], "execution_time": 72.18032932281494}
{"uid": "gen_000004", "environment": "React", "success": false, "stdout": "", "stderr": "Build failed: \n> react_app@0.0.0 build\n> TSC_COMPILE_ON_ERROR=true tsc --noEmit && vite build\n\nvite v6.4.1 building for production...\ntransforming...\nâœ“ 3 modules transformed.\nâœ— Build failed in 2.48s\nerror during build:\n[vite:esbuild] Transform failed with 1 error:\n/sandbox/src/App.tsx:231:868: ERROR: Unterminated string literal\nfile: /sandbox/src/App.tsx:231:868\n\nUnterminated string literal\n229|  ```\n230|  \n231|  Note: This solution includes a responsive canvas with smooth animations, real-time updates, and interactive tooltips. The spiral is generated using the mathematical properties of Fibonacci numbers with dynamic color transitions. The scale slider allows users to adjust the visual size, and the generate button adds the next Fibonacci number with a smooth animation. All edge cases are handled, including empty sequences and invalid inputs. The code is clean, efficient, and production-ready with proper error handling. The canvas uses proper rendering techniques to avoid flickering and ensure smooth transitions. The tooltip system provides educational content about each segment's mathematical properties. The design is visually engaging with a modern dark theme that enhances readability. The application is fully responsive and works across different screen sizes.\n   |                                                                                                                                                                                                                                                                                                                                                                                                                                                                                                                                                                                                                                                                                                                                                                                                                                                                                                      ^\n\n    at failureErrorWithLog (/sandbox/node_modules/esbuild/lib/main.js:1467:15)\n    at /sandbox/node_modules/esbuild/lib/main.js:736:50\n    at responseCallbacks.<computed> (/sandbox/node_modules/esbuild/lib/main.js:603:9)\n    at handleIncomingPacket (/sandbox/node_modules/esbuild/lib/main.js:658:12)\n    at Socket.readFromStdout (/sandbox/node_modules/esbuild/lib/main.js:581:7)\n    at Socket.emit (node:events:519:28)\n    at addChunk (node:internal/streams/readable:561:12)\n    at readableAddChunkPushByteMode (node:internal/streams/readable:512:3)\n    at Readable.push (node:internal/streams/readable:392:5)\n    at Pipe.onStreamRead (node:internal/stream_base_commons:189:23)\n", "screenshot_path": null, "visual_outputs": [], "execution_time": 68.99235939979553}
{"uid": "gen_000005", "environment": "React", "success": false, "stdout": "", "stderr": "Build failed: \n> react_app@0.0.0 build\n> TSC_COMPILE_ON_ERROR=true tsc --noEmit && vite build\n\nvite v6.4.1 building for production...\ntransforming...\nâœ“ 3 modules transformed.\nâœ— Build failed in 2.47s\nerror during build:\n[vite:esbuild] Transform failed with 1 error:\n/sandbox/src/App.tsx:340:631: ERROR: Unterminated string literal\nfile: /sandbox/src/App.tsx:340:631\n\nUnterminated string literal\n338|  ```\n339|  \n340|  Note: This solution assumes a backend server (Node.js with Socket.IO) that handles real-time synchronization, conflict resolution, and document history. The provided code focuses on the frontend implementation with proper event handling, state management, and user interface elements. For production use, the backend implementation would need to be developed to handle concurrent edits, conflict resolution algorithms (like vector clocks), and persistent storage of document history. The current implementation includes basic functionality but would need additional logic for robust conflict resolution in a multi-user environment.\n   |                                                                                                                                                                                                                                                                                                                                                                                                                                                                                                                                                                                                                                                         ^\n\n    at failureErrorWithLog (/sandbox/node_modules/esbuild/lib/main.js:1467:15)\n    at /sandbox/node_modules/esbuild/lib/main.js:736:50\n    at responseCallbacks.<computed> (/sandbox/node_modules/esbuild/lib/main.js:603:9)\n    at handleIncomingPacket (/sandbox/node_modules/esbuild/lib/main.js:658:12)\n    at Socket.readFromStdout (/sandbox/node_modules/esbuild/lib/main.js:581:7)\n    at Socket.emit (node:events:519:28)\n    at addChunk (node:internal/streams/readable:561:12)\n    at readableAddChunkPushByteMode (node:internal/streams/readable:512:3)\n    at Readable.push (node:internal/streams/readable:392:5)\n    at Pipe.onStreamRead (node:internal/stream_base_commons:189:23)\n", "screenshot_path": null, "visual_outputs": [], "execution_time": 71.05483508110046}
{"uid": "gen_000006", "environment": "Python Runner", "success": false, "stdout": "", "stderr": "Directory survey_data not found. Creating sample data...\nError in main execution: [Errno 2] No such file or directory: 'survey_data/sample_survey.csv'\n", "screenshot_path": null, "visual_outputs": [], "execution_time": 20.89008069038391}
{"uid": "gen_000007", "environment": "HTML", "success": true, "stdout": "", "stderr": "", "screenshot_path": null, "visual_outputs": [], "execution_time": 44.800309896469116}
{"uid": "gen_000009", "environment": "Streamlit", "success": true, "stdout": "", "stderr": "", "screenshot_path": null, "visual_outputs": [], "execution_time": 45.04228758811951}
